<?xml version="1.0" encoding="UTF-8"?>
<testng-results skipped="0" failed="0" ignored="0" total="1" passed="1">
  <reporter-output>
  </reporter-output>
  <suite name="Default suite" duration-ms="11182" started-at="2020-10-19T15:45:51Z" finished-at="2020-10-19T15:46:02Z">
    <groups>
    </groups>
    <test name="Default test" duration-ms="11182" started-at="2020-10-19T15:45:51Z" finished-at="2020-10-19T15:46:02Z">
      <class name="Practise.Login">
        <test-method status="PASS" signature="configBS()[pri:0, instance:Practise.Login@604ed9f0]" name="configBS" is-config="true" duration-ms="35" started-at="2020-10-19T15:45:51Z" finished-at="2020-10-19T15:45:51Z">
          <reporter-output>
          </reporter-output>
        </test-method> <!-- configBS -->
        <test-method status="PASS" signature="configBC()[pri:0, instance:Practise.Login@604ed9f0]" name="configBC" is-config="true" duration-ms="3572" started-at="2020-10-19T15:45:51Z" finished-at="2020-10-19T15:45:54Z">
          <reporter-output>
          </reporter-output>
        </test-method> <!-- configBC -->
        <test-method status="PASS" signature="configBM()[pri:0, instance:Practise.Login@604ed9f0]" name="configBM" is-config="true" duration-ms="7576" started-at="2020-10-19T15:45:54Z" finished-at="2020-10-19T15:46:02Z">
          <reporter-output>
          </reporter-output>
        </test-method> <!-- configBM -->
        <test-method status="PASS" signature="loginToApp()[pri:0, instance:Practise.Login@604ed9f0]" name="loginToApp" duration-ms="8" started-at="2020-10-19T15:46:02Z" finished-at="2020-10-19T15:46:02Z">
          <reporter-output>
          </reporter-output>
        </test-method> <!-- loginToApp -->
      </class> <!-- Practise.Login -->
    </test> <!-- Default test -->
  </suite> <!-- Default suite -->
</testng-results>
